<?xml version="1.0" encoding="utf-8"?><testsuites name="pytest tests"><testsuite name="pytest" errors="0" failures="0" skipped="0" tests="14" time="4.363" timestamp="2026-01-30T21:48:13.044095+00:00" hostname="agent-env-8c60a938-6f28-4766-aa4e-813642c993de"><testcase classname="backend.tests.test_folders.TestFolderEndpoints" name="test_create_folder_success" time="0.357" /><testcase classname="backend.tests.test_folders.TestFolderEndpoints" name="test_create_folder_duplicate_name" time="0.338" /><testcase classname="backend.tests.test_folders.TestFolderEndpoints" name="test_create_folder_empty_name" time="0.267" /><testcase classname="backend.tests.test_folders.TestFolderEndpoints" name="test_get_folders_list" time="0.380" /><testcase classname="backend.tests.test_folders.TestFolderEndpoints" name="test_delete_folder_success" time="0.293" /><testcase classname="backend.tests.test_folders.TestFolderEndpoints" name="test_delete_folder_not_found" time="0.270" /><testcase classname="backend.tests.test_folders.TestFolderEndpoints" name="test_folders_require_auth" time="0.266" /><testcase classname="backend.tests.test_folders.TestDiagramFolderAssociation" name="test_create_diagram_with_folder" time="0.294" /><testcase classname="backend.tests.test_folders.TestDiagramFolderAssociation" name="test_create_diagram_without_folder" time="0.275" /><testcase classname="backend.tests.test_folders.TestDiagramFolderAssociation" name="test_update_diagram_folder" time="0.361" /><testcase classname="backend.tests.test_folders.TestDiagramFolderAssociation" name="test_remove_diagram_from_folder" time="0.333" /><testcase classname="backend.tests.test_folders.TestDiagramFolderAssociation" name="test_delete_folder_clears_diagram_folder_id" time="0.308" /><testcase classname="backend.tests.test_folders.TestDiagramFolderAssociation" name="test_update_diagram_with_invalid_folder" time="0.292" /><testcase classname="backend.tests.test_folders.TestDiagramFolderAssociation" name="test_diagrams_list_includes_folder_id" time="0.261" /></testsuite></testsuites>