<?xml version="1.0" encoding="utf-8"?><testsuites name="pytest tests"><testsuite name="pytest" errors="0" failures="1" skipped="0" tests="14" time="4.861" timestamp="2026-01-30T21:47:55.051502+00:00" hostname="agent-env-8c60a938-6f28-4766-aa4e-813642c993de"><testcase classname="backend.tests.test_folders.TestFolderEndpoints" name="test_create_folder_success" time="0.393" /><testcase classname="backend.tests.test_folders.TestFolderEndpoints" name="test_create_folder_duplicate_name" time="0.304" /><testcase classname="backend.tests.test_folders.TestFolderEndpoints" name="test_create_folder_empty_name" time="0.320" /><testcase classname="backend.tests.test_folders.TestFolderEndpoints" name="test_get_folders_list" time="0.346" /><testcase classname="backend.tests.test_folders.TestFolderEndpoints" name="test_delete_folder_success" time="0.345" /><testcase classname="backend.tests.test_folders.TestFolderEndpoints" name="test_delete_folder_not_found" time="0.277" /><testcase classname="backend.tests.test_folders.TestFolderEndpoints" name="test_folders_require_auth" time="0.326"><failure message="assert 403 == 401&#10; +  where 403 = &lt;Response [403]&gt;.status_code">tests/test_folders.py:131: in test_folders_require_auth
    assert response.status_code == 401
E   assert 403 == 401
E    +  where 403 = &lt;Response [403]&gt;.status_code</failure></testcase><testcase classname="backend.tests.test_folders.TestDiagramFolderAssociation" name="test_create_diagram_with_folder" time="0.350" /><testcase classname="backend.tests.test_folders.TestDiagramFolderAssociation" name="test_create_diagram_without_folder" time="0.278" /><testcase classname="backend.tests.test_folders.TestDiagramFolderAssociation" name="test_update_diagram_folder" time="0.435" /><testcase classname="backend.tests.test_folders.TestDiagramFolderAssociation" name="test_remove_diagram_from_folder" time="0.378" /><testcase classname="backend.tests.test_folders.TestDiagramFolderAssociation" name="test_delete_folder_clears_diagram_folder_id" time="0.310" /><testcase classname="backend.tests.test_folders.TestDiagramFolderAssociation" name="test_update_diagram_with_invalid_folder" time="0.333" /><testcase classname="backend.tests.test_folders.TestDiagramFolderAssociation" name="test_diagrams_list_includes_folder_id" time="0.308" /></testsuite></testsuites>