<?xml version="1.0" encoding="utf-8"?><testsuites name="pytest tests"><testsuite name="pytest" errors="0" failures="0" skipped="0" tests="31" time="6.780" timestamp="2026-01-30T21:59:00.665491+00:00" hostname="agent-env-8c60a938-6f28-4766-aa4e-813642c993de"><testcase classname="backend.tests.test_full_regression.TestSignup" name="test_signup_success" time="0.369" /><testcase classname="backend.tests.test_full_regression.TestSignup" name="test_signup_duplicate_email" time="0.042" /><testcase classname="backend.tests.test_full_regression.TestSignup" name="test_signup_short_password" time="0.041" /><testcase classname="backend.tests.test_full_regression.TestSignup" name="test_signup_invalid_email_format" time="0.083" /><testcase classname="backend.tests.test_full_regression.TestLogin" name="test_login_success" time="0.268" /><testcase classname="backend.tests.test_full_regression.TestLogin" name="test_login_invalid_email" time="0.042" /><testcase classname="backend.tests.test_full_regression.TestLogin" name="test_login_invalid_password" time="0.263" /><testcase classname="backend.tests.test_full_regression.TestProtectedRoutes" name="test_diagrams_require_auth" time="0.039" /><testcase classname="backend.tests.test_full_regression.TestProtectedRoutes" name="test_folders_require_auth" time="0.041" /><testcase classname="backend.tests.test_full_regression.TestProtectedRoutes" name="test_auth_me_require_auth" time="0.039" /><testcase classname="backend.tests.test_full_regression.TestProtectedRoutes" name="test_auth_me_with_valid_token" time="0.314" /><testcase classname="backend.tests.test_full_regression.TestDiagramCRUD" name="test_create_diagram_success" time="0.326" /><testcase classname="backend.tests.test_full_regression.TestDiagramCRUD" name="test_create_diagram_missing_title" time="0.274" /><testcase classname="backend.tests.test_full_regression.TestDiagramCRUD" name="test_get_diagrams_list" time="0.300" /><testcase classname="backend.tests.test_full_regression.TestDiagramCRUD" name="test_get_diagram_by_id" time="0.330" /><testcase classname="backend.tests.test_full_regression.TestDiagramCRUD" name="test_get_diagram_not_found" time="0.313" /><testcase classname="backend.tests.test_full_regression.TestDiagramCRUD" name="test_update_diagram_success" time="0.341" /><testcase classname="backend.tests.test_full_regression.TestDiagramCRUD" name="test_delete_diagram_success" time="0.294" /><testcase classname="backend.tests.test_full_regression.TestDiagramCRUD" name="test_delete_diagram_not_found" time="0.322" /><testcase classname="backend.tests.test_full_regression.TestDiagramGeneration" name="test_generate_graphviz_diagram" time="0.040" /><testcase classname="backend.tests.test_full_regression.TestDiagramGeneration" name="test_generate_mermaid_diagram" time="0.037" /><testcase classname="backend.tests.test_full_regression.TestDiagramGeneration" name="test_generate_plantuml_diagram" time="0.033" /><testcase classname="backend.tests.test_full_regression.TestDiagramGeneration" name="test_generate_diagram_empty_description" time="0.079" /><testcase classname="backend.tests.test_full_regression.TestFolderCRUD" name="test_create_folder_success" time="0.283" /><testcase classname="backend.tests.test_full_regression.TestFolderCRUD" name="test_get_folders_list" time="0.349" /><testcase classname="backend.tests.test_full_regression.TestFolderCRUD" name="test_delete_folder_success" time="0.281" /><testcase classname="backend.tests.test_full_regression.TestDiagramFolderAssociation" name="test_create_diagram_with_folder" time="0.366" /><testcase classname="backend.tests.test_full_regression.TestDiagramFolderAssociation" name="test_move_diagram_to_folder" time="0.400" /><testcase classname="backend.tests.test_full_regression.TestDiagramFolderAssociation" name="test_remove_diagram_from_folder" time="0.344" /><testcase classname="backend.tests.test_full_regression.TestDiagramFolderAssociation" name="test_delete_folder_clears_diagram_folder_id" time="0.356" /><testcase classname="backend.tests.test_full_regression.TestHealthCheck" name="test_api_root" time="0.036" /></testsuite></testsuites>